<?xml version="1.0" encoding="UTF-8"?>
<!-- Generated by org.testng.reporters.JUnitReportReporter -->
<testsuite skipped="0" hostname="DESKTOP-PJ3QETV" name="pageTest.HomePagetTest" tests="1" failures="0" timestamp="30 Dec 2018 14:45:02 GMT" time="64.916" errors="0">
  <testcase name="home" time="64.916" classname="pageTest.HomePagetTest"/>
</testsuite> <!-- pageTest.HomePagetTest -->
