<?xml version="1.0" encoding="UTF-8"?>
<!-- Generated by org.testng.reporters.JUnitReportReporter -->
<testsuite skipped="0" hostname="DESKTOP-PJ3QETV" name="pageTest.AboutUsPageTest" tests="1" failures="0" timestamp="30 Dec 2018 14:50:04 GMT" time="18.515" errors="0">
  <testcase name="aboutUs" time="18.515" classname="pageTest.AboutUsPageTest"/>
</testsuite> <!-- pageTest.AboutUsPageTest -->
